{"E:\\Backend trainning for Node JS\\user_management_backend\\app.js": {"path":"E:\\Backend trainning for Node JS\\user_management_backend\\app.js","statementMap":{"0":{"start":{"line":1,"column":16},"end":{"line":1,"column":34}},"1":{"start":{"line":2,"column":12},"end":{"line":2,"column":21}},"2":{"start":{"line":3,"column":13},"end":{"line":3,"column":28}},"3":{"start":{"line":4,"column":15},"end":{"line":4,"column":32}},"4":{"start":{"line":5,"column":15},"end":{"line":5,"column":32}},"5":{"start":{"line":6,"column":15},"end":{"line":6,"column":40}},"6":{"start":{"line":7,"column":13},"end":{"line":7,"column":42}},"7":{"start":{"line":9,"column":0},"end":{"line":9,"column":49}},"8":{"start":{"line":11,"column":13},"end":{"line":11,"column":40}},"9":{"start":{"line":13,"column":0},"end":{"line":13,"column":24}},"10":{"start":{"line":14,"column":0},"end":{"line":14,"column":48}},"11":{"start":{"line":15,"column":0},"end":{"line":15,"column":16}},"12":{"start":{"line":16,"column":0},"end":{"line":16,"column":23}},"13":{"start":{"line":17,"column":0},"end":{"line":17,"column":18}},"14":{"start":{"line":19,"column":0},"end":{"line":19,"column":22}},"15":{"start":{"line":21,"column":0},"end":{"line":23,"column":2}},"16":{"start":{"line":22,"column":4},"end":{"line":22,"column":65}},"17":{"start":{"line":25,"column":0},"end":{"line":25,"column":21}}},"fnMap":{"0":{"name":"(anonymous_0)","decl":{"start":{"line":21,"column":24},"end":{"line":21,"column":25}},"loc":{"start":{"line":21,"column":30},"end":{"line":23,"column":1}},"line":21}},"branchMap":{},"s":{"0":1,"1":1,"2":1,"3":1,"4":1,"5":1,"6":1,"7":1,"8":1,"9":1,"10":1,"11":1,"12":1,"13":1,"14":1,"15":1,"16":0,"17":1},"f":{"0":0},"b":{},"_coverageSchema":"1a1c01bbd47fc00a2c39e90264f33305004495a9","hash":"cbdef9f0296e56b23d73053fc254199c109effb5"}
,"E:\\Backend trainning for Node JS\\user_management_backend\\apis\\user\\authorize.js": {"path":"E:\\Backend trainning for Node JS\\user_management_backend\\apis\\user\\authorize.js","statementMap":{"0":{"start":{"line":1,"column":12},"end":{"line":1,"column":35}},"1":{"start":{"line":2,"column":15},"end":{"line":2,"column":44}},"2":{"start":{"line":4,"column":19},"end":{"line":36,"column":1}},"3":{"start":{"line":5,"column":4},"end":{"line":35,"column":5}},"4":{"start":{"line":6,"column":20},"end":{"line":6,"column":47}},"5":{"start":{"line":7,"column":4},"end":{"line":29,"column":5}},"6":{"start":{"line":8,"column":6},"end":{"line":8,"column":41}},"7":{"start":{"line":9,"column":21},"end":{"line":12,"column":7}},"8":{"start":{"line":14,"column":28},"end":{"line":14,"column":34}},"9":{"start":{"line":17,"column":6},"end":{"line":17,"column":18}},"10":{"start":{"line":18,"column":6},"end":{"line":18,"column":24}},"11":{"start":{"line":19,"column":6},"end":{"line":19,"column":13}},"12":{"start":{"line":23,"column":6},"end":{"line":28,"column":9}},"13":{"start":{"line":31,"column":8},"end":{"line":34,"column":13}},"14":{"start":{"line":38,"column":0},"end":{"line":38,"column":28}}},"fnMap":{"0":{"name":"(anonymous_0)","decl":{"start":{"line":4,"column":19},"end":{"line":4,"column":20}},"loc":{"start":{"line":4,"column":43},"end":{"line":36,"column":1}},"line":4}},"branchMap":{"0":{"loc":{"start":{"line":7,"column":4},"end":{"line":29,"column":5}},"type":"if","locations":[{"start":{"line":7,"column":4},"end":{"line":29,"column":5}},{"start":{"line":22,"column":11},"end":{"line":29,"column":5}}],"line":7}},"s":{"0":1,"1":1,"2":1,"3":0,"4":0,"5":0,"6":0,"7":0,"8":0,"9":0,"10":0,"11":0,"12":0,"13":0,"14":1},"f":{"0":0},"b":{"0":[0,0]},"_coverageSchema":"1a1c01bbd47fc00a2c39e90264f33305004495a9","hash":"49c22eb1f844dd979b7132bd2af3dbaacd1807fc"}
,"E:\\Backend trainning for Node JS\\user_management_backend\\apis\\user\\user.js": {"path":"E:\\Backend trainning for Node JS\\user_management_backend\\apis\\user\\user.js","statementMap":{"0":{"start":{"line":1,"column":13},"end":{"line":1,"column":46}},"1":{"start":{"line":2,"column":15},"end":{"line":2,"column":42}},"2":{"start":{"line":3,"column":15},"end":{"line":3,"column":32}},"3":{"start":{"line":4,"column":21},"end":{"line":4,"column":44}},"4":{"start":{"line":5,"column":19},"end":{"line":5,"column":36}},"5":{"start":{"line":6,"column":12},"end":{"line":6,"column":35}},"6":{"start":{"line":7,"column":15},"end":{"line":7,"column":44}},"7":{"start":{"line":8,"column":10},"end":{"line":8,"column":27}},"8":{"start":{"line":9,"column":19},"end":{"line":9,"column":41}},"9":{"start":{"line":10,"column":15},"end":{"line":10,"column":38}},"10":{"start":{"line":12,"column":0},"end":{"line":34,"column":3}},"11":{"start":{"line":13,"column":21},"end":{"line":13,"column":29}},"12":{"start":{"line":14,"column":22},"end":{"line":14,"column":40}},"13":{"start":{"line":15,"column":4},"end":{"line":15,"column":69}},"14":{"start":{"line":15,"column":15},"end":{"line":15,"column":69}},"15":{"start":{"line":16,"column":4},"end":{"line":16,"column":65}},"16":{"start":{"line":17,"column":4},"end":{"line":33,"column":5}},"17":{"start":{"line":18,"column":32},"end":{"line":18,"column":91}},"18":{"start":{"line":19,"column":8},"end":{"line":27,"column":15}},"19":{"start":{"line":22,"column":16},"end":{"line":22,"column":35}},"20":{"start":{"line":22,"column":25},"end":{"line":22,"column":35}},"21":{"start":{"line":23,"column":16},"end":{"line":26,"column":18}},"22":{"start":{"line":29,"column":8},"end":{"line":32,"column":10}},"23":{"start":{"line":36,"column":0},"end":{"line":53,"column":3}},"24":{"start":{"line":37,"column":4},"end":{"line":52,"column":5}},"25":{"start":{"line":38,"column":34},"end":{"line":38,"column":54}},"26":{"start":{"line":39,"column":8},"end":{"line":45,"column":11}},"27":{"start":{"line":40,"column":12},"end":{"line":40,"column":31}},"28":{"start":{"line":40,"column":21},"end":{"line":40,"column":31}},"29":{"start":{"line":41,"column":12},"end":{"line":44,"column":14}},"30":{"start":{"line":48,"column":8},"end":{"line":51,"column":10}},"31":{"start":{"line":55,"column":0},"end":{"line":100,"column":3}},"32":{"start":{"line":56,"column":32},"end":{"line":56,"column":40}},"33":{"start":{"line":58,"column":22},"end":{"line":58,"column":51}},"34":{"start":{"line":59,"column":4},"end":{"line":59,"column":69}},"35":{"start":{"line":59,"column":15},"end":{"line":59,"column":69}},"36":{"start":{"line":65,"column":23},"end":{"line":65,"column":59}},"37":{"start":{"line":66,"column":4},"end":{"line":98,"column":7}},"38":{"start":{"line":67,"column":8},"end":{"line":70,"column":9}},"39":{"start":{"line":68,"column":12},"end":{"line":68,"column":60}},"40":{"start":{"line":69,"column":12},"end":{"line":69,"column":80}},"41":{"start":{"line":74,"column":8},"end":{"line":76,"column":9}},"42":{"start":{"line":75,"column":12},"end":{"line":75,"column":74}},"43":{"start":{"line":78,"column":21},"end":{"line":78,"column":31}},"44":{"start":{"line":81,"column":8},"end":{"line":97,"column":11}},"45":{"start":{"line":82,"column":12},"end":{"line":85,"column":13}},"46":{"start":{"line":83,"column":16},"end":{"line":83,"column":71}},"47":{"start":{"line":84,"column":16},"end":{"line":84,"column":80}},"48":{"start":{"line":87,"column":12},"end":{"line":89,"column":13}},"49":{"start":{"line":88,"column":16},"end":{"line":88,"column":78}},"50":{"start":{"line":91,"column":26},"end":{"line":91,"column":110}},"51":{"start":{"line":92,"column":12},"end":{"line":96,"column":15}},"52":{"start":{"line":102,"column":0},"end":{"line":128,"column":3}},"53":{"start":{"line":103,"column":19},"end":{"line":103,"column":32}},"54":{"start":{"line":104,"column":21},"end":{"line":104,"column":29}},"55":{"start":{"line":106,"column":22},"end":{"line":106,"column":40}},"56":{"start":{"line":107,"column":4},"end":{"line":107,"column":69}},"57":{"start":{"line":107,"column":15},"end":{"line":107,"column":69}},"58":{"start":{"line":108,"column":4},"end":{"line":108,"column":65}},"59":{"start":{"line":110,"column":4},"end":{"line":127,"column":5}},"60":{"start":{"line":111,"column":32},"end":{"line":111,"column":93}},"61":{"start":{"line":112,"column":8},"end":{"line":120,"column":15}},"62":{"start":{"line":115,"column":16},"end":{"line":115,"column":35}},"63":{"start":{"line":115,"column":25},"end":{"line":115,"column":35}},"64":{"start":{"line":116,"column":16},"end":{"line":119,"column":19}},"65":{"start":{"line":123,"column":8},"end":{"line":126,"column":10}},"66":{"start":{"line":130,"column":0},"end":{"line":146,"column":3}},"67":{"start":{"line":131,"column":19},"end":{"line":131,"column":32}},"68":{"start":{"line":132,"column":4},"end":{"line":145,"column":5}},"69":{"start":{"line":133,"column":32},"end":{"line":133,"column":61}},"70":{"start":{"line":134,"column":8},"end":{"line":139,"column":11}},"71":{"start":{"line":135,"column":12},"end":{"line":135,"column":31}},"72":{"start":{"line":135,"column":21},"end":{"line":135,"column":31}},"73":{"start":{"line":136,"column":12},"end":{"line":138,"column":15}},"74":{"start":{"line":141,"column":8},"end":{"line":144,"column":11}},"75":{"start":{"line":148,"column":0},"end":{"line":174,"column":3}},"76":{"start":{"line":150,"column":4},"end":{"line":150,"column":97}},"77":{"start":{"line":150,"column":31},"end":{"line":150,"column":97}},"78":{"start":{"line":152,"column":20},"end":{"line":152,"column":26}},"79":{"start":{"line":153,"column":21},"end":{"line":153,"column":38}},"80":{"start":{"line":154,"column":4},"end":{"line":173,"column":5}},"81":{"start":{"line":155,"column":33},"end":{"line":155,"column":71}},"82":{"start":{"line":156,"column":8},"end":{"line":167,"column":11}},"83":{"start":{"line":157,"column":12},"end":{"line":160,"column":13}},"84":{"start":{"line":158,"column":16},"end":{"line":158,"column":64}},"85":{"start":{"line":159,"column":16},"end":{"line":159,"column":84}},"86":{"start":{"line":162,"column":12},"end":{"line":165,"column":15}},"87":{"start":{"line":169,"column":8},"end":{"line":172,"column":11}},"88":{"start":{"line":178,"column":0},"end":{"line":178,"column":24}}},"fnMap":{"0":{"name":"(anonymous_0)","decl":{"start":{"line":12,"column":27},"end":{"line":12,"column":28}},"loc":{"start":{"line":12,"column":47},"end":{"line":34,"column":1}},"line":12},"1":{"name":"(anonymous_1)","decl":{"start":{"line":21,"column":12},"end":{"line":21,"column":13}},"loc":{"start":{"line":21,"column":29},"end":{"line":27,"column":13}},"line":21},"2":{"name":"(anonymous_2)","decl":{"start":{"line":36,"column":39},"end":{"line":36,"column":40}},"loc":{"start":{"line":36,"column":59},"end":{"line":53,"column":1}},"line":36},"3":{"name":"(anonymous_3)","decl":{"start":{"line":39,"column":38},"end":{"line":39,"column":39}},"loc":{"start":{"line":39,"column":55},"end":{"line":45,"column":9}},"line":39},"4":{"name":"(anonymous_4)","decl":{"start":{"line":55,"column":26},"end":{"line":55,"column":27}},"loc":{"start":{"line":55,"column":46},"end":{"line":100,"column":1}},"line":55},"5":{"name":"(anonymous_5)","decl":{"start":{"line":66,"column":36},"end":{"line":66,"column":37}},"loc":{"start":{"line":66,"column":54},"end":{"line":98,"column":5}},"line":66},"6":{"name":"(anonymous_6)","decl":{"start":{"line":81,"column":48},"end":{"line":81,"column":49}},"loc":{"start":{"line":81,"column":77},"end":{"line":97,"column":9}},"line":81},"7":{"name":"(anonymous_7)","decl":{"start":{"line":102,"column":32},"end":{"line":102,"column":33}},"loc":{"start":{"line":102,"column":52},"end":{"line":128,"column":1}},"line":102},"8":{"name":"(anonymous_8)","decl":{"start":{"line":114,"column":12},"end":{"line":114,"column":13}},"loc":{"start":{"line":114,"column":29},"end":{"line":120,"column":13}},"line":114},"9":{"name":"(anonymous_9)","decl":{"start":{"line":130,"column":33},"end":{"line":130,"column":34}},"loc":{"start":{"line":130,"column":53},"end":{"line":146,"column":1}},"line":130},"10":{"name":"(anonymous_10)","decl":{"start":{"line":134,"column":44},"end":{"line":134,"column":45}},"loc":{"start":{"line":134,"column":61},"end":{"line":139,"column":9}},"line":134},"11":{"name":"(anonymous_11)","decl":{"start":{"line":148,"column":64},"end":{"line":148,"column":65}},"loc":{"start":{"line":148,"column":84},"end":{"line":174,"column":1}},"line":148},"12":{"name":"(anonymous_12)","decl":{"start":{"line":156,"column":58},"end":{"line":156,"column":59}},"loc":{"start":{"line":156,"column":75},"end":{"line":167,"column":9}},"line":156}},"branchMap":{"0":{"loc":{"start":{"line":15,"column":4},"end":{"line":15,"column":69}},"type":"if","locations":[{"start":{"line":15,"column":4},"end":{"line":15,"column":69}},{"start":{},"end":{}}],"line":15},"1":{"loc":{"start":{"line":22,"column":16},"end":{"line":22,"column":35}},"type":"if","locations":[{"start":{"line":22,"column":16},"end":{"line":22,"column":35}},{"start":{},"end":{}}],"line":22},"2":{"loc":{"start":{"line":40,"column":12},"end":{"line":40,"column":31}},"type":"if","locations":[{"start":{"line":40,"column":12},"end":{"line":40,"column":31}},{"start":{},"end":{}}],"line":40},"3":{"loc":{"start":{"line":59,"column":4},"end":{"line":59,"column":69}},"type":"if","locations":[{"start":{"line":59,"column":4},"end":{"line":59,"column":69}},{"start":{},"end":{}}],"line":59},"4":{"loc":{"start":{"line":67,"column":8},"end":{"line":70,"column":9}},"type":"if","locations":[{"start":{"line":67,"column":8},"end":{"line":70,"column":9}},{"start":{},"end":{}}],"line":67},"5":{"loc":{"start":{"line":74,"column":8},"end":{"line":76,"column":9}},"type":"if","locations":[{"start":{"line":74,"column":8},"end":{"line":76,"column":9}},{"start":{},"end":{}}],"line":74},"6":{"loc":{"start":{"line":82,"column":12},"end":{"line":85,"column":13}},"type":"if","locations":[{"start":{"line":82,"column":12},"end":{"line":85,"column":13}},{"start":{},"end":{}}],"line":82},"7":{"loc":{"start":{"line":87,"column":12},"end":{"line":89,"column":13}},"type":"if","locations":[{"start":{"line":87,"column":12},"end":{"line":89,"column":13}},{"start":{},"end":{}}],"line":87},"8":{"loc":{"start":{"line":107,"column":4},"end":{"line":107,"column":69}},"type":"if","locations":[{"start":{"line":107,"column":4},"end":{"line":107,"column":69}},{"start":{},"end":{}}],"line":107},"9":{"loc":{"start":{"line":115,"column":16},"end":{"line":115,"column":35}},"type":"if","locations":[{"start":{"line":115,"column":16},"end":{"line":115,"column":35}},{"start":{},"end":{}}],"line":115},"10":{"loc":{"start":{"line":135,"column":12},"end":{"line":135,"column":31}},"type":"if","locations":[{"start":{"line":135,"column":12},"end":{"line":135,"column":31}},{"start":{},"end":{}}],"line":135},"11":{"loc":{"start":{"line":150,"column":4},"end":{"line":150,"column":97}},"type":"if","locations":[{"start":{"line":150,"column":4},"end":{"line":150,"column":97}},{"start":{},"end":{}}],"line":150},"12":{"loc":{"start":{"line":157,"column":12},"end":{"line":160,"column":13}},"type":"if","locations":[{"start":{"line":157,"column":12},"end":{"line":160,"column":13}},{"start":{},"end":{}}],"line":157}},"s":{"0":1,"1":1,"2":1,"3":1,"4":1,"5":1,"6":1,"7":1,"8":1,"9":1,"10":1,"11":0,"12":0,"13":0,"14":0,"15":0,"16":0,"17":0,"18":0,"19":0,"20":0,"21":0,"22":0,"23":1,"24":0,"25":0,"26":0,"27":0,"28":0,"29":0,"30":0,"31":1,"32":0,"33":0,"34":0,"35":0,"36":0,"37":0,"38":0,"39":0,"40":0,"41":0,"42":0,"43":0,"44":0,"45":0,"46":0,"47":0,"48":0,"49":0,"50":0,"51":0,"52":1,"53":0,"54":0,"55":0,"56":0,"57":0,"58":0,"59":0,"60":0,"61":0,"62":0,"63":0,"64":0,"65":0,"66":1,"67":0,"68":0,"69":0,"70":0,"71":0,"72":0,"73":0,"74":0,"75":1,"76":0,"77":0,"78":0,"79":0,"80":0,"81":0,"82":0,"83":0,"84":0,"85":0,"86":0,"87":0,"88":1},"f":{"0":0,"1":0,"2":0,"3":0,"4":0,"5":0,"6":0,"7":0,"8":0,"9":0,"10":0,"11":0,"12":0},"b":{"0":[0,0],"1":[0,0],"2":[0,0],"3":[0,0],"4":[0,0],"5":[0,0],"6":[0,0],"7":[0,0],"8":[0,0],"9":[0,0],"10":[0,0],"11":[0,0],"12":[0,0]},"_coverageSchema":"1a1c01bbd47fc00a2c39e90264f33305004495a9","hash":"91f5a021082d2ea89aec790c5a3d9701000332ed"}
,"E:\\Backend trainning for Node JS\\user_management_backend\\apis\\user\\user_image.js": {"path":"E:\\Backend trainning for Node JS\\user_management_backend\\apis\\user\\user_image.js","statementMap":{"0":{"start":{"line":1,"column":15},"end":{"line":1,"column":32}},"1":{"start":{"line":6,"column":16},"end":{"line":17,"column":2}},"2":{"start":{"line":10,"column":4},"end":{"line":10,"column":24}},"3":{"start":{"line":14,"column":4},"end":{"line":14,"column":95}},"4":{"start":{"line":21,"column":19},"end":{"line":29,"column":1}},"5":{"start":{"line":22,"column":2},"end":{"line":28,"column":3}},"6":{"start":{"line":23,"column":4},"end":{"line":23,"column":31}},"7":{"start":{"line":24,"column":4},"end":{"line":24,"column":18}},"8":{"start":{"line":26,"column":4},"end":{"line":26,"column":30}},"9":{"start":{"line":27,"column":4},"end":{"line":27,"column":19}},"10":{"start":{"line":33,"column":15},"end":{"line":41,"column":2}},"11":{"start":{"line":43,"column":0},"end":{"line":43,"column":24}}},"fnMap":{"0":{"name":"(anonymous_0)","decl":{"start":{"line":7,"column":15},"end":{"line":7,"column":16}},"loc":{"start":{"line":7,"column":34},"end":{"line":11,"column":3}},"line":7},"1":{"name":"(anonymous_1)","decl":{"start":{"line":13,"column":12},"end":{"line":13,"column":13}},"loc":{"start":{"line":13,"column":31},"end":{"line":15,"column":3}},"line":13},"2":{"name":"(anonymous_2)","decl":{"start":{"line":21,"column":19},"end":{"line":21,"column":20}},"loc":{"start":{"line":21,"column":38},"end":{"line":29,"column":1}},"line":21}},"branchMap":{"0":{"loc":{"start":{"line":22,"column":2},"end":{"line":28,"column":3}},"type":"if","locations":[{"start":{"line":22,"column":2},"end":{"line":28,"column":3}},{"start":{"line":25,"column":9},"end":{"line":28,"column":3}}],"line":22},"1":{"loc":{"start":{"line":22,"column":6},"end":{"line":22,"column":102}},"type":"binary-expr","locations":[{"start":{"line":22,"column":6},"end":{"line":22,"column":35}},{"start":{"line":22,"column":39},"end":{"line":22,"column":68}},{"start":{"line":22,"column":72},"end":{"line":22,"column":102}}],"line":22}},"s":{"0":1,"1":1,"2":0,"3":0,"4":1,"5":0,"6":0,"7":0,"8":0,"9":0,"10":1,"11":1},"f":{"0":0,"1":0,"2":0},"b":{"0":[0,0],"1":[0,0,0]},"_coverageSchema":"1a1c01bbd47fc00a2c39e90264f33305004495a9","hash":"04a252a3575d2c21b32ddb9014418c00bcf31540"}
,"E:\\Backend trainning for Node JS\\user_management_backend\\apis\\user\\validation.js": {"path":"E:\\Backend trainning for Node JS\\user_management_backend\\apis\\user\\validation.js","statementMap":{"0":{"start":{"line":1,"column":12},"end":{"line":1,"column":26}},"1":{"start":{"line":3,"column":21},"end":{"line":14,"column":1}},"2":{"start":{"line":5,"column":17},"end":{"line":11,"column":4}},"3":{"start":{"line":13,"column":2},"end":{"line":13,"column":31}},"4":{"start":{"line":16,"column":0},"end":{"line":16,"column":39}}},"fnMap":{"0":{"name":"(anonymous_0)","decl":{"start":{"line":3,"column":21},"end":{"line":3,"column":22}},"loc":{"start":{"line":3,"column":29},"end":{"line":14,"column":1}},"line":3}},"branchMap":{},"s":{"0":1,"1":1,"2":0,"3":0,"4":1},"f":{"0":0},"b":{},"_coverageSchema":"1a1c01bbd47fc00a2c39e90264f33305004495a9","hash":"883037fe3cef35d15f41d1deea13faf9cfbd63eb"}
,"E:\\Backend trainning for Node JS\\user_management_backend\\components\\mysql.js": {"path":"E:\\Backend trainning for Node JS\\user_management_backend\\components\\mysql.js","statementMap":{"0":{"start":{"line":1,"column":14},"end":{"line":1,"column":31}},"1":{"start":{"line":2,"column":15},"end":{"line":2,"column":41}},"2":{"start":{"line":4,"column":11},"end":{"line":4,"column":54}},"3":{"start":{"line":6,"column":0},"end":{"line":16,"column":7}},"4":{"start":{"line":7,"column":8},"end":{"line":10,"column":9}},"5":{"start":{"line":8,"column":12},"end":{"line":8,"column":73}},"6":{"start":{"line":9,"column":12},"end":{"line":9,"column":19}},"7":{"start":{"line":12,"column":8},"end":{"line":12,"column":55}},"8":{"start":{"line":15,"column":8},"end":{"line":15,"column":29}},"9":{"start":{"line":18,"column":0},"end":{"line":18,"column":22}}},"fnMap":{"0":{"name":"(anonymous_0)","decl":{"start":{"line":6,"column":19},"end":{"line":6,"column":20}},"loc":{"start":{"line":6,"column":40},"end":{"line":16,"column":5}},"line":6}},"branchMap":{"0":{"loc":{"start":{"line":7,"column":8},"end":{"line":10,"column":9}},"type":"if","locations":[{"start":{"line":7,"column":8},"end":{"line":10,"column":9}},{"start":{},"end":{}}],"line":7}},"s":{"0":1,"1":1,"2":1,"3":1,"4":1,"5":0,"6":0,"7":1,"8":1,"9":1},"f":{"0":1},"b":{"0":[0,1]},"_coverageSchema":"1a1c01bbd47fc00a2c39e90264f33305004495a9","hash":"0becd47489722e1d41dd4870ffbb07ee492a4bd6"}
}
